<?xml version="1.0" encoding="UTF-8"?>
<testng-results skipped="0" failed="0" total="1" passed="1">
  <reporter-output>
  </reporter-output>
  <suite name="Default suite" duration-ms="118656" started-at="2020-04-13T12:03:04Z" finished-at="2020-04-13T12:05:02Z">
    <groups>
    </groups>
    <test name="Default test" duration-ms="118656" started-at="2020-04-13T12:03:04Z" finished-at="2020-04-13T12:05:02Z">
      <class name="Scripts.EndToEndProccess">
        <test-method status="PASS" signature="openBrowser()[pri:0, instance:Scripts.EndToEndProccess@1082e88]" name="openBrowser" is-config="true" duration-ms="14859" started-at="2020-04-13T17:33:04Z" finished-at="2020-04-13T17:33:19Z">
          <reporter-output>
          </reporter-output>
        </test-method> <!-- openBrowser -->
        <test-method status="PASS" signature="endToEndProccess()[pri:0, instance:Scripts.EndToEndProccess@1082e88]" name="endToEndProccess" duration-ms="97885" started-at="2020-04-13T17:33:19Z" finished-at="2020-04-13T17:34:57Z">
          <reporter-output>
          </reporter-output>
        </test-method> <!-- endToEndProccess -->
        <test-method status="PASS" signature="closeBrowser()[pri:0, instance:Scripts.EndToEndProccess@1082e88]" name="closeBrowser" is-config="true" duration-ms="5879" started-at="2020-04-13T17:34:57Z" finished-at="2020-04-13T17:35:02Z">
          <reporter-output>
          </reporter-output>
        </test-method> <!-- closeBrowser -->
      </class> <!-- Scripts.EndToEndProccess -->
    </test> <!-- Default test -->
  </suite> <!-- Default suite -->
</testng-results>
